<?xml version="1.0" encoding="UTF-8"?>
<!-- Generated by org.testng.reporters.JUnitXMLReporter -->
<testsuite ignored="0" hostname="DESKTOP-5BSSRTM" failures="0" tests="3" name="All Tests" time="9.43" errors="0" timestamp="2026-03-01T10:36:03 IST">
  <testcase classname="com.combined.automation.stepDefinitions.API.BookingAPI" name="crateBooking" time="5.574"/>
  <testcase classname="com.combined.automation.stepDefinitions.API.BookingAPI" name="crateBookingBuilder" time="2.171"/>
  <testcase classname="com.combined.automation.stepDefinitions.API.BookingAPI" name="crateBookingBuilderActual" time="1.611"/>
</testsuite> <!-- All Tests -->
