<?xml version="1.0" encoding="UTF-8"?>
<!-- Generated by org.testng.reporters.JUnitXMLReporter -->
<testsuite ignored="8" hostname="DESKTOP-5BSSRTM" failures="0" tests="3" name="Login Tests" time="26.079" errors="0" timestamp="2026-02-08T21:10:30 IST">
  <testcase classname="com.combined.automation.stepDefinitions.LoginTest" name="login" time="11.306"/>
  <testcase classname="com.combined.automation.stepDefinitions.WebTable" name="webTable" time="2.363"/>
  <testcase classname="com.combined.automation.stepDefinitions.StaleTest" name="staleTest" time="12.336"/>
  <testcase classname="com.combined.automation.presetClass.Hooks" name="@BeforeTest beforeTest" time="0.0">
    <ignored/>
  </testcase> <!-- @BeforeTest beforeTest -->
  <testcase classname="com.combined.automation.presetClass.Hooks" name="@AfterTest AfterTest" time="0.0">
    <ignored/>
  </testcase> <!-- @AfterTest AfterTest -->
  <testcase classname="com.combined.automation.presetClass.Hooks" name="@AfterTest AfterTest" time="0.0">
    <ignored/>
  </testcase> <!-- @AfterTest AfterTest -->
  <testcase classname="com.combined.automation.presetClass.Hooks" name="@AfterSuite tearDown" time="0.0">
    <ignored/>
  </testcase> <!-- @AfterSuite tearDown -->
  <testcase classname="com.combined.automation.presetClass.Hooks" name="@AfterSuite tearDown" time="0.0">
    <ignored/>
  </testcase> <!-- @AfterSuite tearDown -->
  <testcase classname="com.combined.automation.presetClass.Hooks" name="@BeforeSuite setUp" time="0.0">
    <ignored/>
  </testcase> <!-- @BeforeSuite setUp -->
  <testcase classname="com.combined.automation.presetClass.Hooks" name="@BeforeTest beforeTest" time="0.0">
    <ignored/>
  </testcase> <!-- @BeforeTest beforeTest -->
  <testcase classname="com.combined.automation.presetClass.Hooks" name="@BeforeSuite setUp" time="0.0">
    <ignored/>
  </testcase> <!-- @BeforeSuite setUp -->
</testsuite> <!-- Login Tests -->
