<?xml version="1.0" encoding="UTF-8"?>
<testsuite xmlns:xsi="http://www.w3.org/2001/XMLSchema-instance" xsi:noNamespaceSchemaLocation="https://maven.apache.org/surefire/maven-surefire-plugin/xsd/surefire-test-report-3.0.xsd" version="3.0" name="TestSuite" time="29.457" tests="3" errors="0" skipped="0" failures="0">
  <properties>
[...]
</properties>
  <testcase name="login" classname="com.combined.automation.stepDefinitions.LoginTest" time="11.303">
    <system-out><![CDATA[...
... TestNG 7.8.0 by Cédric Beust (cedric@beust.com)
...

executing before suite
[Hooks] WebDriver initialized: ChromeDriver: chrome on windows (fbc2ee80f2b1006f76309396457d7135)
executing before Test
executing before class
executing before method
]]></system-out>
    <system-err><![CDATA[SLF4J(W): No SLF4J providers were found.
SLF4J(W): Defaulting to no-operation (NOP) logger implementation
SLF4J(W): See https://www.slf4j.org/codes.html#noProviders for further details.
Feb 08, 2026 9:10:04 PM org.openqa.selenium.devtools.CdpVersionFinder findNearestMatch
WARNING: Unable to find CDP implementation matching 144
Feb 08, 2026 9:10:04 PM org.openqa.selenium.chromium.ChromiumDriver lambda$new$5
WARNING: Unable to find version of CDP to use for 144.0.7559.60. You may need to include a dependency on a specific version of the CDP using something similar to `org.seleniumhq.selenium:selenium-devtools-v86:4.27.0` where the version ("v86") matches the version of the chromium-based browser you're using and the version number of the artifact is the same as Selenium's.
]]></system-err>
  </testcase>
  <testcase name="webTable" classname="com.combined.automation.stepDefinitions.WebTable" time="2.361">
    <system-out><![CDATA[executing After method
executing After class
executing before class
executing before method
Header ValuesID
Header ValuesCourse Name
Header ValuesLanguage
Header ValuesLevel
Header ValuesEnrollments
Header ValuesLink
1517620
]]></system-out>
  </testcase>
  <testcase name="staleTest" classname="com.combined.automation.stepDefinitions.StaleTest" time="12.338">
    <system-out><![CDATA[executing After method
executing After class
executing before class
executing before method
Stale Test Started
cleared successfully
cleared successfully
Stale Test Ended
]]></system-out>
  </testcase>
</testsuite>