<?xml version="1.0" encoding="UTF-8"?>
<testng-results ignored="0" total="3" passed="3" failed="0" skipped="0">
  <reporter-output>
  </reporter-output>
  <suite started-at="2026-02-08T21:10:04 IST" name="Combined Automation Framework" finished-at="2026-02-08T21:10:30 IST" duration-ms="26079">
    <groups>
    </groups>
    <test started-at="2026-02-08T21:10:04 IST" name="Login Tests" finished-at="2026-02-08T21:10:30 IST" duration-ms="26079">
      <class name="com.combined.automation.stepDefinitions.WebTable">
        <test-method is-config="true" signature="beforeClasst()[pri:0, instance:com.combined.automation.stepDefinitions.WebTable@4f18837a]" started-at="2026-02-08T21:10:16 IST" name="beforeClasst" finished-at="2026-02-08T21:10:16 IST" duration-ms="1" status="PASS">
          <reporter-output>
          </reporter-output>
        </test-method> <!-- beforeClasst -->
        <test-method is-config="true" signature="beforeMethod()[pri:0, instance:com.combined.automation.stepDefinitions.WebTable@4f18837a]" started-at="2026-02-08T21:10:16 IST" name="beforeMethod" finished-at="2026-02-08T21:10:16 IST" duration-ms="1" status="PASS">
          <reporter-output>
          </reporter-output>
        </test-method> <!-- beforeMethod -->
        <test-method signature="webTable()[pri:0, instance:com.combined.automation.stepDefinitions.WebTable@4f18837a]" started-at="2026-02-08T21:10:16 IST" name="webTable" finished-at="2026-02-08T21:10:18 IST" duration-ms="2363" status="PASS">
          <reporter-output>
          </reporter-output>
        </test-method> <!-- webTable -->
        <test-method is-config="true" signature="afterMethod()[pri:0, instance:com.combined.automation.stepDefinitions.WebTable@4f18837a]" started-at="2026-02-08T21:10:18 IST" name="afterMethod" finished-at="2026-02-08T21:10:18 IST" duration-ms="0" status="PASS">
          <reporter-output>
          </reporter-output>
        </test-method> <!-- afterMethod -->
        <test-method is-config="true" signature="afterClass()[pri:0, instance:com.combined.automation.stepDefinitions.WebTable@4f18837a]" started-at="2026-02-08T21:10:18 IST" name="afterClass" finished-at="2026-02-08T21:10:18 IST" duration-ms="0" status="PASS">
          <reporter-output>
          </reporter-output>
        </test-method> <!-- afterClass -->
      </class> <!-- com.combined.automation.stepDefinitions.WebTable -->
      <class name="com.combined.automation.stepDefinitions.StaleTest">
        <test-method is-config="true" signature="beforeClasst()[pri:0, instance:com.combined.automation.stepDefinitions.StaleTest@359f7cdf]" started-at="2026-02-08T21:10:18 IST" name="beforeClasst" finished-at="2026-02-08T21:10:18 IST" duration-ms="1" status="PASS">
          <reporter-output>
          </reporter-output>
        </test-method> <!-- beforeClasst -->
        <test-method is-config="true" signature="beforeMethod()[pri:0, instance:com.combined.automation.stepDefinitions.StaleTest@359f7cdf]" started-at="2026-02-08T21:10:18 IST" name="beforeMethod" finished-at="2026-02-08T21:10:18 IST" duration-ms="0" status="PASS">
          <reporter-output>
          </reporter-output>
        </test-method> <!-- beforeMethod -->
        <test-method signature="staleTest()[pri:0, instance:com.combined.automation.stepDefinitions.StaleTest@359f7cdf]" started-at="2026-02-08T21:10:18 IST" name="staleTest" finished-at="2026-02-08T21:10:30 IST" duration-ms="12336" status="PASS">
          <reporter-output>
          </reporter-output>
        </test-method> <!-- staleTest -->
        <test-method is-config="true" signature="afterClass()[pri:0, instance:com.combined.automation.stepDefinitions.StaleTest@359f7cdf]" started-at="2026-02-08T21:10:30 IST" name="afterClass" finished-at="2026-02-08T21:10:30 IST" duration-ms="1" status="PASS">
          <reporter-output>
          </reporter-output>
        </test-method> <!-- afterClass -->
        <test-method is-config="true" signature="afterMethod()[pri:0, instance:com.combined.automation.stepDefinitions.StaleTest@359f7cdf]" started-at="2026-02-08T21:10:30 IST" name="afterMethod" finished-at="2026-02-08T21:10:30 IST" duration-ms="0" status="PASS">
          <reporter-output>
          </reporter-output>
        </test-method> <!-- afterMethod -->
      </class> <!-- com.combined.automation.stepDefinitions.StaleTest -->
      <class name="com.combined.automation.stepDefinitions.LoginTest">
        <test-method is-config="true" signature="setUp()[pri:0, instance:com.combined.automation.stepDefinitions.LoginTest@661972b0]" started-at="2026-02-08T21:10:02 IST" name="setUp" finished-at="2026-02-08T21:10:04 IST" duration-ms="2164" status="PASS">
          <reporter-output>
          </reporter-output>
        </test-method> <!-- setUp -->
        <test-method is-config="true" signature="beforeTest()[pri:0, instance:com.combined.automation.stepDefinitions.LoginTest@661972b0]" started-at="2026-02-08T21:10:04 IST" name="beforeTest" finished-at="2026-02-08T21:10:04 IST" duration-ms="1" status="PASS">
          <reporter-output>
          </reporter-output>
        </test-method> <!-- beforeTest -->
        <test-method is-config="true" signature="beforeClasst()[pri:0, instance:com.combined.automation.stepDefinitions.LoginTest@661972b0]" started-at="2026-02-08T21:10:04 IST" name="beforeClasst" finished-at="2026-02-08T21:10:04 IST" duration-ms="1" status="PASS">
          <reporter-output>
          </reporter-output>
        </test-method> <!-- beforeClasst -->
        <test-method signature="login()[pri:0, instance:com.combined.automation.stepDefinitions.LoginTest@661972b0]" started-at="2026-02-08T21:10:04 IST" name="login" finished-at="2026-02-08T21:10:16 IST" duration-ms="11306" status="PASS">
          <reporter-output>
          </reporter-output>
        </test-method> <!-- login -->
        <test-method is-config="true" signature="beforeMethod()[pri:0, instance:com.combined.automation.stepDefinitions.LoginTest@661972b0]" started-at="2026-02-08T21:10:04 IST" name="beforeMethod" finished-at="2026-02-08T21:10:04 IST" duration-ms="0" status="PASS">
          <reporter-output>
          </reporter-output>
        </test-method> <!-- beforeMethod -->
        <test-method is-config="true" signature="afterMethod()[pri:0, instance:com.combined.automation.stepDefinitions.LoginTest@661972b0]" started-at="2026-02-08T21:10:16 IST" name="afterMethod" finished-at="2026-02-08T21:10:16 IST" duration-ms="2" status="PASS">
          <reporter-output>
          </reporter-output>
        </test-method> <!-- afterMethod -->
        <test-method is-config="true" signature="afterClass()[pri:0, instance:com.combined.automation.stepDefinitions.LoginTest@661972b0]" started-at="2026-02-08T21:10:16 IST" name="afterClass" finished-at="2026-02-08T21:10:16 IST" duration-ms="1" status="PASS">
          <reporter-output>
          </reporter-output>
        </test-method> <!-- afterClass -->
        <test-method is-config="true" signature="AfterTest()[pri:0, instance:com.combined.automation.stepDefinitions.LoginTest@661972b0]" started-at="2026-02-08T21:10:30 IST" name="AfterTest" finished-at="2026-02-08T21:10:30 IST" duration-ms="0" status="PASS">
          <reporter-output>
          </reporter-output>
        </test-method> <!-- AfterTest -->
        <test-method is-config="true" signature="tearDown()[pri:0, instance:com.combined.automation.stepDefinitions.LoginTest@661972b0]" started-at="2026-02-08T21:10:30 IST" name="tearDown" finished-at="2026-02-08T21:10:31 IST" duration-ms="358" status="PASS">
          <reporter-output>
          </reporter-output>
        </test-method> <!-- tearDown -->
      </class> <!-- com.combined.automation.stepDefinitions.LoginTest -->
    </test> <!-- Login Tests -->
  </suite> <!-- Combined Automation Framework -->
</testng-results>
